<?xml version="1.0" encoding="UTF-8"?>
<!-- Generated by org.testng.reporters.JUnitXMLReporter -->
<testsuite ignored="0" hostname="DESKTOP-P84MAU4" failures="0" tests="4" name="Default test" time="29.724" errors="0" timestamp="29 Nov 2022 01:14:16 GMT">
  <testcase classname="com.acti.testcase.LoginPageTests" name="TestLoginPagesTitle" time="4.195"/>
  <testcase classname="com.acti.testcase.LoginPageTests" name="testActiImageIsDisplayed" time="2.421"/>
  <testcase classname="com.acti.testcase.LoginPageTests" name="testForgotPasswordIsDisplayed" time="2.497"/>
  <testcase classname="com.acti.testcase.LoginPageTests" name="testLoginFunction" time="20.583"/>
</testsuite> <!-- Default test -->
