<?xml version="1.0" encoding="UTF-8"?>
<testng-results ignored="0" total="1" passed="1" failed="0" skipped="0">
  <reporter-output>
  </reporter-output>
  <suite started-at="2022-12-01T23:03:47Z" name="Default suite" finished-at="2022-12-01T23:04:09Z" duration-ms="22281">
    <groups>
    </groups>
    <test started-at="2022-12-01T23:03:47Z" name="Default test" finished-at="2022-12-01T23:04:09Z" duration-ms="22281">
      <class name="com.acti.testcase.TaskPageTest">
        <test-method is-config="true" signature="Setup()[pri:0, instance:com.acti.testcase.TaskPageTest@172b013]" started-at="2022-12-01T23:03:48Z" name="Setup" finished-at="2022-12-01T23:03:51Z" duration-ms="3325" status="PASS">
          <reporter-output>
          </reporter-output>
        </test-method> <!-- Setup -->
        <test-method signature="testcreatCutomer(java.lang.String, java.lang.String)[pri:0, instance:com.acti.testcase.TaskPageTest@172b013]" started-at="2022-12-01T23:03:51Z" name="testcreatCutomer" data-provider="actilogin" finished-at="2022-12-01T23:03:53Z" duration-ms="2166" status="PASS">
          <params>
            <param index="0">
              <value>
                <![CDATA[admin]]>
              </value>
            </param>
            <param index="1">
              <value>
                <![CDATA[manager]]>
              </value>
            </param>
          </params>
          <reporter-output>
          </reporter-output>
        </test-method> <!-- testcreatCutomer -->
        <test-method is-config="true" signature="Teardown()[pri:0, instance:com.acti.testcase.TaskPageTest@172b013]" started-at="2022-12-01T23:03:53Z" name="Teardown" finished-at="2022-12-01T23:04:09Z" duration-ms="16267" status="PASS">
          <reporter-output>
          </reporter-output>
        </test-method> <!-- Teardown -->
      </class> <!-- com.acti.testcase.TaskPageTest -->
    </test> <!-- Default test -->
  </suite> <!-- Default suite -->
</testng-results>
